<?xml version="1.0" encoding="UTF-8"?>
<!-- Generated by org.testng.reporters.JUnitXMLReporter -->
<testsuite ignored="1" hostname="asplap1846" failures="1" tests="1" name="Login Tests" time="0.004" errors="0" timestamp="2025-02-15T17:40:52 IST">
  <testcase classname="accountfunctionality.login_button" name="testLoginButtonVisibility" time="0.001">
    <failure type="java.lang.IllegalArgumentException" message="Driver must be set">
      <![CDATA[java.lang.IllegalArgumentException: Driver must be set
at org.openqa.selenium.internal.Require.nonNull(Require.java:61)
at org.openqa.selenium.interactions.Actions.<init>(Actions.java:64)
at org.openqa.selenium.interactions.Actions.<init>(Actions.java:60)
at accountfunctionality.login_button.testLoginButtonVisibility(login_button.java:39)
at java.base/java.util.ArrayList.forEach(ArrayList.java:1597)
... Removed 25 stack frames]]>
    </failure>
  </testcase> <!-- testLoginButtonVisibility -->
  <testcase classname="accountfunctionality.login_button" name="testLoginButtonClickable" time="0.0">
    <ignored/>
  </testcase> <!-- testLoginButtonClickable -->
</testsuite> <!-- Login Tests -->
