<?xml version="1.0" encoding="UTF-8"?>
<!-- Generated by org.testng.reporters.JUnitXMLReporter -->
<testsuite ignored="1" hostname="asplap1846" failures="1" tests="1" name="SignIn Clickable Tests" time="0.007" errors="0" timestamp="2025-02-15T17:40:52 IST">
  <testcase classname="accountfunctionality.signin_visibility" name="testSignInButtonClickable" time="0.003">
    <failure type="java.lang.IllegalArgumentException" message="Driver must be set">
      <![CDATA[java.lang.IllegalArgumentException: Driver must be set
at org.openqa.selenium.internal.Require.nonNull(Require.java:61)
at org.openqa.selenium.interactions.Actions.<init>(Actions.java:64)
at org.openqa.selenium.interactions.Actions.<init>(Actions.java:60)
at accountfunctionality.signin_visibility.testSignInButtonClickable(signin_visibility.java:60)
at java.base/java.util.ArrayList.forEach(ArrayList.java:1597)
... Removed 25 stack frames]]>
    </failure>
  </testcase> <!-- testSignInButtonClickable -->
  <testcase classname="accountfunctionality.signin_visibility" name="testSignInButtonVisibility" time="0.0">
    <ignored/>
  </testcase> <!-- testSignInButtonVisibility -->
</testsuite> <!-- SignIn Clickable Tests -->
