<?xml version="1.0" encoding="UTF-8"?>
<!-- Generated by org.testng.reporters.JUnitReportReporter -->
<testsuite hostname="asplap1846" failures="0" tests="2" name="products_details.products_detail_page" time="6.715" errors="0" timestamp="2025-02-20T21:59:17 IST" skipped="0">
  <testcase classname="products_details.products_detail_page" name="testProduct_details" time="2.951"/>
  <system-out>
    <![CDATA[Test Started: testProduct_details at 2025-02-20 21:57:26
Verify the Products are Visible
<a href= "C:\Users\venkatesh.baskaran\eclipse-workspace\snapdeal_app\Screenshots\testProduct_details.png">click</a>
Test Passed: testProduct_details at 2025-02-20 21:57:29]]>
  </system-out>
  <testcase classname="products_details.products_detail_page" name="testProductDetailPage" time="3.764"/>
  <system-out>
    <![CDATA[Test Started: testProductDetailPage at 2025-02-20 21:57:29
Verify the Products Detail Page
<a href= "C:\Users\venkatesh.baskaran\eclipse-workspace\snapdeal_app\Screenshots\testProductDetailPage.png">click</a>
Test Passed: testProductDetailPage at 2025-02-20 21:57:33]]>
  </system-out>
</testsuite> <!-- products_details.products_detail_page -->
