<?xml version="1.0" encoding="UTF-8"?>
<!-- Generated by org.testng.reporters.JUnitReportReporter -->
<testsuite hostname="asplap1846" failures="0" tests="1" name="products_visible.products_visibility" time="2.516" errors="0" timestamp="2025-02-20T23:25:04 IST" skipped="0">
  <testcase classname="products_visible.products_visibility" name="testSearchAndProductVisibility" time="2.516"/>
  <system-out>
    <![CDATA[Test Started: testSearchAndProductVisibility at 2025-02-20 23:25:01
Verify the Products Serach & Products Visibility
<a href= "C:\Users\venkatesh.baskaran\eclipse-workspace\snapdeal_app\Screenshots\testSearchAndProductVisibility.png">click</a>
Test Passed: testSearchAndProductVisibility at 2025-02-20 23:25:04]]>
  </system-out>
</testsuite> <!-- products_visible.products_visibility -->
