<?xml version="1.0" encoding="UTF-8"?>
<!-- Generated by org.testng.reporters.JUnitReportReporter -->
<testsuite hostname="asplap1846" failures="0" tests="1" name="Snapdeal_login.Snapdeal_rigister" time="2.512" errors="0" timestamp="2025-02-20T21:59:17 IST" skipped="0">
  <testcase classname="Snapdeal_login.Snapdeal_rigister" name="testRegisterWithEmptyEmailField" time="2.512"/>
  <system-out>
    <![CDATA[Test Started: testRegisterWithEmptyEmailField at 2025-02-20 21:59:14
Verify the Error message for empty email field is empty
<a href= "C:\Users\venkatesh.baskaran\eclipse-workspace\snapdeal_app\Screenshots\testRegisterWithEmptyEmailField.png">click</a>
Test Passed: testRegisterWithEmptyEmailField at 2025-02-20 21:59:16]]>
  </system-out>
</testsuite> <!-- Snapdeal_login.Snapdeal_rigister -->
