<?xml version="1.0" encoding="UTF-8"?>
<!-- Generated by org.testng.reporters.JUnitReportReporter -->
<testsuite hostname="asplap1846" failures="0" tests="2" name="searchbar_visibility.searchbar_visibility" time="2.684" errors="0" timestamp="2025-02-20T21:59:17 IST" skipped="0">
  <testcase classname="searchbar_visibility.searchbar_visibility" name="testSearchbarVisibility" time="0.468"/>
  <system-out>
    <![CDATA[Test Started: testSearchbarVisibility at 2025-02-20 21:58:36
Verify the  Search Bar Visibility
<a href= "C:\Users\venkatesh.baskaran\eclipse-workspace\snapdeal_app\Screenshots\testSearchbarVisibility.png">click</a>
Test Passed: testSearchbarVisibility at 2025-02-20 21:58:36]]>
  </system-out>
  <testcase classname="searchbar_visibility.searchbar_visibility" name="testSearchbarClickable" time="2.216"/>
  <system-out>
    <![CDATA[Test Started: testSearchbarClickable at 2025-02-20 21:58:36
Verify the  SearchBar is Clickable
<a href= "C:\Users\venkatesh.baskaran\eclipse-workspace\snapdeal_app\Screenshots\testSearchbarClickable.png">click</a>
Test Passed: testSearchbarClickable at 2025-02-20 21:58:38]]>
  </system-out>
</testsuite> <!-- searchbar_visibility.searchbar_visibility -->
