<?xml version="1.0" encoding="UTF-8"?>
<!-- Generated by org.testng.reporters.JUnitReportReporter -->
<testsuite hostname="asplap1846" failures="0" tests="2" name="accountfunctionality.login_button" time="5.814" errors="0" timestamp="2025-02-20T23:21:16 IST" skipped="0">
  <testcase classname="accountfunctionality.login_button" name="LoginButtonVisibility" time="0.388"/>
  <system-out>
    <![CDATA[Test Started: LoginButtonVisibility at 2025-02-20 23:21:10
Verify the SignIn is  Hover
Verify the login Button is Visible
<a href= "C:\Users\venkatesh.baskaran\eclipse-workspace\snapdeal_app\Screenshots\testLoginButtonVisibility.png">Login_button_Click</a>
Test Passed: LoginButtonVisibility at 2025-02-20 23:21:10]]>
  </system-out>
  <testcase classname="accountfunctionality.login_button" name="LoginButtonClickable" time="5.426"/>
  <system-out>
    <![CDATA[Test Started: LoginButtonClickable at 2025-02-20 23:21:10
Verify the SignIn is Hover
Verify the login Button is Clickable
<a href= "C:\Users\venkatesh.baskaran\eclipse-workspace\snapdeal_app\Screenshots\testLoginButtonClickable.png">Login_button_Click</a>
Test Passed: LoginButtonClickable at 2025-02-20 23:21:16]]>
  </system-out>
</testsuite> <!-- accountfunctionality.login_button -->
