<?xml version="1.0" encoding="UTF-8"?>
<!-- Generated by org.testng.reporters.JUnitReportReporter -->
<testsuite hostname="asplap1846" failures="0" tests="1" name="Snapdeal_login.Snapdeal_login" time="2.993" errors="0" timestamp="2025-02-20T21:59:17 IST" skipped="0">
  <testcase classname="Snapdeal_login.Snapdeal_login" name="test_Login" time="2.993"/>
  <system-out>
    <![CDATA[Test Started: test_Login at 2025-02-20 21:58:13
Verify the  Login page is displayed.
<a href= "C:\Users\venkatesh.baskaran\eclipse-workspace\snapdeal_app\Screenshots\test_Login.png">click</a>
Test Passed: test_Login at 2025-02-20 21:58:15]]>
  </system-out>
</testsuite> <!-- Snapdeal_login.Snapdeal_login -->
