<?xml version="1.0" encoding="UTF-8"?>
<!-- Generated by org.testng.reporters.JUnitReportReporter -->
<testsuite hostname="asplap1846" failures="0" tests="2" name="products_details.products_detail_page" time="24.353" errors="0" timestamp="2025-02-17T21:59:35 IST" skipped="0">
  <testcase classname="products_details.products_detail_page" name="testProduct_details" time="10.998"/>
  <system-out/>
  <testcase classname="products_details.products_detail_page" name="testProductDetailPage" time="13.355"/>
  <system-out/>
</testsuite> <!-- products_details.products_detail_page -->
