<?xml version="1.0" encoding="UTF-8"?>
<!-- Generated by org.testng.reporters.JUnitReportReporter -->
<testsuite hostname="asplap1846" failures="0" tests="2" name="accountfunctionality.signin_visibility" time="0.417" errors="0" timestamp="2025-02-20T23:21:16 IST" skipped="0">
  <testcase classname="accountfunctionality.signin_visibility" name="SignInButtonVisibility" time="0.103"/>
  <system-out>
    <![CDATA[Test Started: SignInButtonVisibility at 2025-02-20 23:21:05
Verify the SignIn  is Hover
Verify the Register  is Visible
<a href= "C:\Users\venkatesh.baskaran\eclipse-workspace\snapdeal_app\Screenshots\SignInButtonVisibility.png">SignIn_Visible_Click</a>
Test Passed: SignInButtonVisibility at 2025-02-20 23:21:05]]>
  </system-out>
  <testcase classname="accountfunctionality.signin_visibility" name="SignInButtonClickable" time="0.314"/>
  <system-out>
    <![CDATA[Test Started: SignInButtonClickable at 2025-02-20 23:21:05
Verify the SignIn  is Hover
Verify the Register  is Clickable
<a href= "C:\Users\venkatesh.baskaran\eclipse-workspace\snapdeal_app\Screenshots\SignInButtonClickable.png">SignIn_Click</a>
Test Passed: SignInButtonClickable at 2025-02-20 23:21:05]]>
  </system-out>
</testsuite> <!-- accountfunctionality.signin_visibility -->
