<?xml version="1.0" encoding="UTF-8"?>
<!-- Generated by org.testng.reporters.JUnitReportReporter -->
<testsuite hostname="asplap1846" failures="0" tests="1" name="Snapdeal_cart.SnapdealCart_page" time="5.841" errors="0" timestamp="2025-02-20T23:21:16 IST" skipped="0">
  <testcase classname="Snapdeal_cart.SnapdealCart_page" name="testcart_Item" time="5.841"/>
  <system-out>
    <![CDATA[Test Started: testcart_Item at 2025-02-20 23:20:55
Verify the  Products in a Cart
<a href= "C:\Users\venkatesh.baskaran\eclipse-workspace\snapdeal_app\Screenshots\testcart_Item.png">click</a>
Test Passed: testcart_Item at 2025-02-20 23:21:01]]>
  </system-out>
</testsuite> <!-- Snapdeal_cart.SnapdealCart_page -->
