<?xml version="1.0" encoding="UTF-8"?>
<!-- Generated by org.testng.reporters.JUnitReportReporter -->
<testsuite hostname="asplap1846" failures="0" tests="2" name="snapdeal_catagories.products_catagories" time="2.648" errors="0" timestamp="2025-02-20T23:39:30 IST" skipped="0">
  <testcase classname="snapdeal_catagories.products_catagories" name="testProduct_catagories_Visibility" time="0.075"/>
  <system-out>
    <![CDATA[Test Started: testProduct_catagories_Visibility at 2025-02-20 23:39:26
Verify the  'Catagories Banner' is visible
<a href= "C:\Users\venkatesh.baskaran\eclipse-workspace\snapdeal_app\Screenshots\testProduct_catagories_Visibility.png">click</a>
Test Passed: testProduct_catagories_Visibility at 2025-02-20 23:39:26]]>
  </system-out>
  <testcase classname="snapdeal_catagories.products_catagories" name="testCatagory_MensFashion_access" time="2.573"/>
  <system-out>
    <![CDATA[Test Started: testCatagory_MensFashion_access at 2025-02-20 23:39:26
Verify the  'Backpacks' catagory is clickable.
<a href= "C:\Users\venkatesh.baskaran\eclipse-workspace\snapdeal_app\Screenshots\testCatagory_MensFashion_access.png">click</a>
Test Passed: testCatagory_MensFashion_access at 2025-02-20 23:39:29]]>
  </system-out>
</testsuite> <!-- snapdeal_catagories.products_catagories -->
