<?xml version="1.0" encoding="UTF-8"?>
<!-- Generated by org.testng.reporters.JUnitReportReporter -->
<testsuite hostname="asplap1846" failures="0" tests="2" name="snapdeal_catagories.products_catagories" time="17.153" errors="0" timestamp="2025-02-17T22:51:12 IST" skipped="0">
  <testcase classname="snapdeal_catagories.products_catagories" name="testProduct_catagories_Visibility" time="5.644"/>
  <system-out/>
  <testcase classname="snapdeal_catagories.products_catagories" name="testCatagory_MensFashion_access" time="11.509"/>
  <system-out/>
</testsuite> <!-- snapdeal_catagories.products_catagories -->
