<?xml version="1.0" encoding="UTF-8"?>
<!-- Generated by org.testng.reporters.JUnitReportReporter -->
<testsuite hostname="asplap1846" failures="0" tests="1" name="Snapdeal_login.Snapdeal_logo" time="0.259" errors="0" timestamp="2025-02-20T22:27:25 IST" skipped="0">
  <testcase classname="Snapdeal_login.Snapdeal_logo" name="testLogoVisibility" time="0.259"/>
  <system-out>
    <![CDATA[Test Started: testLogoVisibility at 2025-02-20 22:27:24
Verify the  Snapdeal_brand Logo's are displayed.
<a href= "C:\Users\venkatesh.baskaran\eclipse-workspace\snapdeal_app\Screenshots\testLogoVisibility.png">click</a>
Test Passed: testLogoVisibility at 2025-02-20 22:27:25]]>
  </system-out>
</testsuite> <!-- Snapdeal_login.Snapdeal_logo -->
