<?xml version="1.0" encoding="UTF-8"?>
<!-- Generated by org.testng.reporters.JUnitReportReporter -->
<testsuite hostname="asplap1846" failures="0" tests="2" name="Snapdeal_Footerbanner.Footer_policyinfo" time="1.735" errors="0" timestamp="2025-02-20T23:39:29 IST" skipped="0">
  <testcase classname="Snapdeal_Footerbanner.Footer_policyinfo" name="testfooter_policyinfo" time="0.487"/>
  <system-out>
    <![CDATA[Test Started: testfooter_policyinfo at 2025-02-20 23:39:20
Verify the  Footer in 'Policy info' is visible.
<a href= "C:\Users\venkatesh.baskaran\eclipse-workspace\snapdeal_app\Screenshots\testfooter_policyinfo.png">click</a>
Test Passed: testfooter_policyinfo at 2025-02-20 23:39:20]]>
  </system-out>
  <testcase classname="Snapdeal_Footerbanner.Footer_policyinfo" name="testFooter_policyList" time="1.248"/>
  <system-out>
    <![CDATA[Test Started: testFooter_policyList at 2025-02-20 23:39:20
Verify the  Footer policy Info List
<a href= "C:\Users\venkatesh.baskaran\eclipse-workspace\snapdeal_app\Screenshots\testFooter_policyList.png">click</a>
Test Passed: testFooter_policyList at 2025-02-20 23:39:22]]>
  </system-out>
</testsuite> <!-- Snapdeal_Footerbanner.Footer_policyinfo -->
