<?xml version="1.0" encoding="UTF-8"?>
<!-- Generated by org.testng.reporters.JUnitReportReporter -->
<testsuite hostname="asplap1846" failures="0" tests="2" name="Snapdeal_Product_search.product_search" time="12.171" errors="0" timestamp="2025-02-20T21:59:17 IST" skipped="0">
  <testcase classname="Snapdeal_Product_search.product_search" name="searchValidProduct" time="8.422"/>
  <system-out>
    <![CDATA[Test Started: searchValidProduct at 2025-02-20 21:58:48
Verify the  InValid product search results are displayed.
<a href= "C:\Users\venkatesh.baskaran\eclipse-workspace\snapdeal_app\Screenshots\searchValidProduct.png">click</a>
Test Passed: searchValidProduct at 2025-02-20 21:58:57]]>
  </system-out>
  <testcase classname="Snapdeal_Product_search.product_search" name="searchInvalidProduct" time="3.749"/>
  <system-out>
    <![CDATA[Test Started: searchInvalidProduct at 2025-02-20 21:58:57
Verify the  Valid product search results are displayed.
<a href= "C:\Users\venkatesh.baskaran\eclipse-workspace\snapdeal_app\Screenshots\searchInvalidProduct.png">click</a>
Test Passed: searchInvalidProduct at 2025-02-20 21:59:00]]>
  </system-out>
</testsuite> <!-- Snapdeal_Product_search.product_search -->
