<?xml version="1.0" encoding="UTF-8"?>
<!-- Generated by org.testng.reporters.JUnitXMLReporter -->
<testsuite ignored="0" hostname="asplap1846" failures="2" tests="20" name="Test" time="158.913" errors="0" timestamp="2025-02-23T22:49:59 IST">
  <testcase classname="Snapdeal_cart.SnapdealCart_page" name="cart_Item" time="3.504">
    <failure type="java.lang.AssertionError" message="Test failed due to unexpected conditions  ">
      <![CDATA[java.lang.AssertionError: Test failed due to unexpected conditions  
at Snapdeal_cart.SnapdealCart_page.cart_Item(SnapdealCart_page.java:111)
at java.base/java.util.ArrayList.forEach(ArrayList.java:1597)
... Removed 26 stack frames]]>
    </failure>
  </testcase> <!-- cart_Item -->
  <testcase classname="Snapdeal_Footerbanner.Footer_policyinfo" name="footer_policyinfo" time="0.597"/>
  <testcase classname="Snapdeal_Footerbanner.Footer_policyinfo" name="Footer_policyList" time="1.41"/>
  <testcase classname="products_details.products_detail_page" name="testProduct_details" time="10.426"/>
  <testcase classname="products_details.products_detail_page" name="ProductDetailPage" time="4.624"/>
  <testcase classname="Snapdeal_cart.SnapdealCart_Product_remove" name="removeCart" time="27.656">
    <failure type="org.openqa.selenium.TimeoutException" message="Expected condition failed: waiting for visibility of element located by By.xpath: //p[@title=&amp;quot;HASTEN Dark Grey Men&amp;apos;s Lifestyle Shoes&amp;quot;] (tried for 20 second(s) with 500 milliseconds interval)
Build info: version: &amp;apos;4.27.0&amp;apos;, revision: &amp;apos;d6e718d134&amp;apos;
System info: os.name: &amp;apos;Windows 10&amp;apos;, os.arch: &amp;apos;amd64&amp;apos;, os.version: &amp;apos;10.0&amp;apos;, java.version: &amp;apos;23.0.1&amp;apos;
Driver info: org.openqa.selenium.chrome.ChromeDriver
Capabilities {acceptInsecureCerts: false, browserName: chrome, browserVersion: 133.0.6943.127, chrome: {chromedriverVersion: 133.0.6943.53 (9a80935019b0..., userDataDir: C:\Users\VENKAT~1.BAS\AppDa...}, fedcm:accounts: true, goog:chromeOptions: {debuggerAddress: localhost:60724}, networkConnectionEnabled: false, pageLoadStrategy: normal, platformName: windows, proxy: Proxy(), se:cdp: ws://localhost:60724/devtoo..., se:cdpVersion: 133.0.6943.127, setWindowRect: true, strictFileInteractability: false, timeouts: {implicit: 0, pageLoad: 300000, script: 30000}, unhandledPromptBehavior: dismiss and notify, webauthn:extension:credBlob: true, webauthn:extension:largeBlob: true, webauthn:extension:minPinLength: true, webauthn:extension:prf: true, webauthn:virtualAuthenticators: true}
Session ID: ff04ec781c3d994eb3a34d40e9916a16">
      <![CDATA[org.openqa.selenium.TimeoutException: Expected condition failed: waiting for visibility of element located by By.xpath: //p[@title="HASTEN Dark Grey Men's Lifestyle Shoes"] (tried for 20 second(s) with 500 milliseconds interval)
Build info: version: '4.27.0', revision: 'd6e718d134'
System info: os.name: 'Windows 10', os.arch: 'amd64', os.version: '10.0', java.version: '23.0.1'
Driver info: org.openqa.selenium.chrome.ChromeDriver
Capabilities {acceptInsecureCerts: false, browserName: chrome, browserVersion: 133.0.6943.127, chrome: {chromedriverVersion: 133.0.6943.53 (9a80935019b0..., userDataDir: C:\Users\VENKAT~1.BAS\AppDa...}, fedcm:accounts: true, goog:chromeOptions: {debuggerAddress: localhost:60724}, networkConnectionEnabled: false, pageLoadStrategy: normal, platformName: windows, proxy: Proxy(), se:cdp: ws://localhost:60724/devtoo..., se:cdpVersion: 133.0.6943.127, setWindowRect: true, strictFileInteractability: false, timeouts: {implicit: 0, pageLoad: 300000, script: 30000}, unhandledPromptBehavior: dismiss and notify, webauthn:extension:credBlob: true, webauthn:extension:largeBlob: true, webauthn:extension:minPinLength: true, webauthn:extension:prf: true, webauthn:virtualAuthenticators: true}
Session ID: ff04ec781c3d994eb3a34d40e9916a16
at org.openqa.selenium.support.ui.WebDriverWait.timeoutException(WebDriverWait.java:84)
at org.openqa.selenium.support.ui.FluentWait.until(FluentWait.java:228)
at Snapdeal_cart.SnapdealCart_Product_remove.removeCart(SnapdealCart_Product_remove.java:71)
at java.base/java.util.ArrayList.forEach(ArrayList.java:1597)
... Removed 25 stack frames]]>
    </failure>
  </testcase> <!-- removeCart -->
  <testcase classname="Snapdeal_login.Snapdeal_logo" name="LogoVisibility" time="0.075"/>
  <testcase classname="Snapdeal_login.Snapdeal_login" name="Login" time="2.725"/>
  <testcase classname="snapdeal_catagories.products_catagories" name="Product_catagories_Visibility" time="0.043"/>
  <testcase classname="snapdeal_catagories.products_catagories" name="Catagory_Bags_Luggage" time="2.516"/>
  <testcase classname="products_visible.products_visibility" name="SearchAndProductVisibility" time="2.457"/>
  <testcase classname="searchbar_visibility.searchbar_visibility" name="testSearchbarVisibility" time="0.131"/>
  <testcase classname="searchbar_visibility.searchbar_visibility" name="SearchbarClickable" time="2.042"/>
  <testcase classname="accountfunctionality.signin_visibility" name="SignInButtonVisibility" time="0.116"/>
  <testcase classname="accountfunctionality.signin_visibility" name="SignInButtonClickable" time="0.35"/>
  <testcase classname="Snapdeal_Product_search.product_search" name="searchValidProduct" time="5.069"/>
  <testcase classname="Snapdeal_Product_search.product_search" name="searchInvalidProduct" time="3.889"/>
  <testcase classname="accountfunctionality.login_button" name="LoginButtonVisibility" time="0.46"/>
  <testcase classname="accountfunctionality.login_button" name="LoginButtonClickable" time="5.463"/>
  <testcase classname="Snapdeal_login.Snapdeal_rigister" name="RegisterWithEmptyEmailField" time="1.882"/>
</testsuite> <!-- Test -->
