<?xml version="1.0" encoding="UTF-8"?>
<!-- Generated by org.testng.reporters.JUnitXMLReporter -->
<testsuite ignored="19" hostname="asplap1846" failures="0" tests="2" name="Test" time="15.012" errors="0" timestamp="2025-02-19T14:47:26 IST">
  <testcase classname="Login_test.Valid_invaliproducts_test_page" name="searchValidProduct" time="7.652"/>
  <testcase classname="Login_test.Valid_invaliproducts_test_page" name="searchInvalidProduct" time="3.69"/>
  <testcase classname="Login_test.Search_test_page" name="testSearchAndProductVisibility" time="0.0">
    <ignored/>
  </testcase> <!-- testSearchAndProductVisibility -->
  <testcase classname="Login_test.Signin_test_page" name="testSignInButtonClickable" time="0.0">
    <ignored/>
  </testcase> <!-- testSignInButtonClickable -->
  <testcase classname="Login_test.Checklogin_test_page" name="testLogin_Check" time="0.0">
    <ignored/>
  </testcase> <!-- testLogin_Check -->
  <testcase classname="Login_test.Checklogo_test_page" name="testLogoVisibility" time="0.0">
    <ignored/>
  </testcase> <!-- testLogoVisibility -->
  <testcase classname="Login_test.Searchbar_test_page" name="testSearchBarClickable" time="0.0">
    <ignored/>
  </testcase> <!-- testSearchBarClickable -->
  <testcase classname="Login_test.Footer_test_page" name="testFooterPolicyInfo" time="0.0">
    <ignored/>
  </testcase> <!-- testFooterPolicyInfo -->
  <testcase classname="Login_test.Cartproductsremoval_test_page" name="testRemoveProductFromCart" time="0.0">
    <ignored/>
  </testcase> <!-- testRemoveProductFromCart -->
  <testcase classname="Login_test.Login_test_page" name="testLoginButtonVisibility" time="0.0">
    <ignored/>
  </testcase> <!-- testLoginButtonVisibility -->
  <testcase classname="Login_test.Register_test_page" name="testRegisterWithEmptyEmailField" time="0.0">
    <ignored/>
  </testcase> <!-- testRegisterWithEmptyEmailField -->
  <testcase classname="Login_test.Categories_test_page" name="testCategoryAccessAndClick" time="0.0">
    <ignored/>
  </testcase> <!-- testCategoryAccessAndClick -->
  <testcase classname="Login_test.Products_visibility_test_page" name="testSearchAndProductVisibility" time="0.0">
    <ignored/>
  </testcase> <!-- testSearchAndProductVisibility -->
  <testcase classname="Login_test.Products_test_page" name="testProductDetails" time="0.0">
    <ignored/>
  </testcase> <!-- testProductDetails -->
  <testcase classname="Login_test.Searchbar_test_page" name="testSearchBarVisibility" time="0.0">
    <ignored/>
  </testcase> <!-- testSearchBarVisibility -->
  <testcase classname="Login_test.Products_test_page" name="testProductDetailPage" time="0.0">
    <ignored/>
  </testcase> <!-- testProductDetailPage -->
  <testcase classname="Login_test.Cart_test_page" name="testCartItem" time="0.0">
    <ignored/>
  </testcase> <!-- testCartItem -->
  <testcase classname="Login_test.Signin_test_page" name="testSignInButtonVisibility" time="0.0">
    <ignored/>
  </testcase> <!-- testSignInButtonVisibility -->
  <testcase classname="Login_test.Categories_test_page" name="testCategoryBannerVisibility" time="0.0">
    <ignored/>
  </testcase> <!-- testCategoryBannerVisibility -->
  <testcase classname="Login_test.Login_test_page" name="testLoginButtonClickable" time="0.0">
    <ignored/>
  </testcase> <!-- testLoginButtonClickable -->
  <testcase classname="Login_test.Footer_test_page" name="testFooterPolicyList" time="0.0">
    <ignored/>
  </testcase> <!-- testFooterPolicyList -->
</testsuite> <!-- Test -->
