<?xml version="1.0" encoding="UTF-8"?>
<!-- Generated by org.testng.reporters.JUnitXMLReporter -->
<testsuite ignored="0" hostname="asplap1846" failures="1" tests="3" name="Snapdeal_LoginTest" time="16.207" errors="0" timestamp="2025-02-15T16:21:50 IST">
  <testcase classname="Snapdeal_login.Snapdeal_logo" name="testLogoVisibility" time="0.8"/>
  <testcase classname="Snapdeal_login.Snapdeal_rigister" name="testRegisterWithEmpty_emailfield" time="0.53">
    <failure type="java.lang.AssertionError" message="Test failed due to exception: element not interactable
  (Session info: chrome=133.0.6943.60)
Build info: version: &amp;apos;4.27.0&amp;apos;, revision: &amp;apos;d6e718d134&amp;apos;
System info: os.name: &amp;apos;Windows 10&amp;apos;, os.arch: &amp;apos;amd64&amp;apos;, os.version: &amp;apos;10.0&amp;apos;, java.version: &amp;apos;23.0.1&amp;apos;
Driver info: org.openqa.selenium.chrome.ChromeDriver
Command: [875aca2591a5768b917c5ad901b26c74, sendKeysToElement {value=[Ljava.lang.CharSequence;@32cb636e, id=f.638854C0525D7649BE0C710CCA93740E.d.6334EFEB10746454A9511C284CA186FB.e.45}]
Capabilities {acceptInsecureCerts: false, browserName: chrome, browserVersion: 133.0.6943.60, chrome: {chromedriverVersion: 133.0.6943.53 (9a80935019b0..., userDataDir: C:\Users\VENKAT~1.BAS\AppDa...}, fedcm:accounts: true, goog:chromeOptions: {debuggerAddress: localhost:51888}, networkConnectionEnabled: false, pageLoadStrategy: normal, platformName: windows, proxy: Proxy(), se:cdp: ws://localhost:51888/devtoo..., se:cdpVersion: 133.0.6943.60, setWindowRect: true, strictFileInteractability: false, timeouts: {implicit: 0, pageLoad: 300000, script: 30000}, unhandledPromptBehavior: dismiss and notify, webauthn:extension:credBlob: true, webauthn:extension:largeBlob: true, webauthn:extension:minPinLength: true, webauthn:extension:prf: true, webauthn:virtualAuthenticators: true}
Element: [[ChromeDriver: chrome on windows (875aca2591a5768b917c5ad901b26c74)] -&amp;gt; xpath: (//input[@id=&amp;apos;userName&amp;apos;])[1]]
Session ID: 875aca2591a5768b917c5ad901b26c74">
      <![CDATA[java.lang.AssertionError: Test failed due to exception: element not interactable
  (Session info: chrome=133.0.6943.60)
Build info: version: '4.27.0', revision: 'd6e718d134'
System info: os.name: 'Windows 10', os.arch: 'amd64', os.version: '10.0', java.version: '23.0.1'
Driver info: org.openqa.selenium.chrome.ChromeDriver
Command: [875aca2591a5768b917c5ad901b26c74, sendKeysToElement {value=[Ljava.lang.CharSequence;@32cb636e, id=f.638854C0525D7649BE0C710CCA93740E.d.6334EFEB10746454A9511C284CA186FB.e.45}]
Capabilities {acceptInsecureCerts: false, browserName: chrome, browserVersion: 133.0.6943.60, chrome: {chromedriverVersion: 133.0.6943.53 (9a80935019b0..., userDataDir: C:\Users\VENKAT~1.BAS\AppDa...}, fedcm:accounts: true, goog:chromeOptions: {debuggerAddress: localhost:51888}, networkConnectionEnabled: false, pageLoadStrategy: normal, platformName: windows, proxy: Proxy(), se:cdp: ws://localhost:51888/devtoo..., se:cdpVersion: 133.0.6943.60, setWindowRect: true, strictFileInteractability: false, timeouts: {implicit: 0, pageLoad: 300000, script: 30000}, unhandledPromptBehavior: dismiss and notify, webauthn:extension:credBlob: true, webauthn:extension:largeBlob: true, webauthn:extension:minPinLength: true, webauthn:extension:prf: true, webauthn:virtualAuthenticators: true}
Element: [[ChromeDriver: chrome on windows (875aca2591a5768b917c5ad901b26c74)] -> xpath: (//input[@id='userName'])[1]]
Session ID: 875aca2591a5768b917c5ad901b26c74
at Snapdeal_login.Snapdeal_rigister.testRegisterWithEmpty_emailfield(Snapdeal_rigister.java:92)
at java.base/java.util.ArrayList.forEach(ArrayList.java:1597)
... Removed 26 stack frames]]>
    </failure>
  </testcase> <!-- testRegisterWithEmpty_emailfield -->
  <testcase classname="Snapdeal_login.Snapdeal_login" name="testLoginAndSearch" time="2.169"/>
</testsuite> <!-- Snapdeal_LoginTest -->
