<?xml version="1.0" encoding="UTF-8"?>
<!-- Generated by org.testng.reporters.JUnitReportReporter -->
<testsuite hostname="asplap1846" failures="0" tests="2" name="Login_test.Valid_invaliproducts_test_page" time="11.357" errors="0" timestamp="2025-02-19T14:47:26 IST" skipped="0">
  <testcase classname="Login_test.Valid_invaliproducts_test_page" name="searchValidProduct" time="7.664"/>
  <system-out/>
  <testcase classname="Login_test.Valid_invaliproducts_test_page" name="searchInvalidProduct" time="3.693"/>
  <system-out/>
</testsuite> <!-- Login_test.Valid_invaliproducts_test_page -->
