<?xml version="1.0" encoding="UTF-8"?>
<!-- Generated by org.testng.reporters.JUnitReportReporter -->
<testsuite hostname="asplap1846" failures="0" tests="2" name="Login_test.Categories_test_page" time="5.152" errors="0" timestamp="2025-02-19T14:31:22 IST" skipped="0">
  <testcase classname="Login_test.Categories_test_page" name="testCategoryBannerVisibility" time="0.357"/>
  <system-out/>
  <testcase classname="Login_test.Categories_test_page" name="testCategoryAccessAndClick" time="4.795"/>
  <system-out/>
</testsuite> <!-- Login_test.Categories_test_page -->
