<?xml version="1.0" encoding="UTF-8"?>
<!-- Generated by org.testng.reporters.JUnitReportReporter -->
<testsuite hostname="asplap1846" failures="0" tests="2" name="Login_test.Footer_test_page" time="1.828" errors="0" timestamp="2025-02-19T14:33:18 IST" skipped="0">
  <testcase classname="Login_test.Footer_test_page" name="testFooterPolicyInfo" time="0.556"/>
  <system-out/>
  <testcase classname="Login_test.Footer_test_page" name="testFooterPolicyList" time="1.272"/>
  <system-out/>
</testsuite> <!-- Login_test.Footer_test_page -->
