<?xml version="1.0" encoding="UTF-8"?>
<!-- Generated by org.testng.reporters.JUnitReportReporter -->
<testsuite hostname="asplap1846" failures="0" tests="2" name="Login_test.Products_test_page" time="13.247" errors="0" timestamp="2025-02-19T14:36:59 IST" skipped="0">
  <testcase classname="Login_test.Products_test_page" name="testProductDetails" time="4.978"/>
  <system-out/>
  <testcase classname="Login_test.Products_test_page" name="testProductDetailPage" time="8.269"/>
  <system-out/>
</testsuite> <!-- Login_test.Products_test_page -->
