<?xml version="1.0" encoding="UTF-8"?>
<!-- Generated by org.testng.reporters.JUnitReportReporter -->
<testsuite hostname="asplap1846" failures="0" tests="2" name="Login_test.Signin_test_page" time="0.580" errors="0" timestamp="2025-02-19T14:46:41 IST" skipped="0">
  <testcase classname="Login_test.Signin_test_page" name="testSignInButtonVisibility" time="0.145"/>
  <system-out/>
  <testcase classname="Login_test.Signin_test_page" name="testSignInButtonClickable" time="0.435"/>
  <system-out/>
</testsuite> <!-- Login_test.Signin_test_page -->
