<?xml version="1.0" encoding="UTF-8"?>
<!-- Generated by org.testng.reporters.JUnitReportReporter -->
<testsuite hostname="asplap1846" failures="0" tests="2" name="Login_test.Login_test_page" time="1.080" errors="0" timestamp="2025-02-19T14:33:51 IST" skipped="0">
  <testcase classname="Login_test.Login_test_page" name="testLoginButtonVisibility" time="0.421"/>
  <system-out/>
  <testcase classname="Login_test.Login_test_page" name="testLoginButtonClickable" time="0.659"/>
  <system-out/>
</testsuite> <!-- Login_test.Login_test_page -->
