<?xml version="1.0" encoding="UTF-8"?>
<testng-results ignored="19" total="21" passed="2" failed="0" skipped="0">
  <reporter-output>
  </reporter-output>
  <suite started-at="2025-02-19T14:47:11 IST" name="Suite" finished-at="2025-02-19T14:47:26 IST" duration-ms="15012">
    <groups>
      <group name="productsearch">
        <method signature="Valid_invaliproducts_test_page.searchValidProduct()[pri:1, instance:Login_test.Valid_invaliproducts_test_page@3e6f3f28]" name="searchValidProduct" class="Login_test.Valid_invaliproducts_test_page"/>
        <method signature="Valid_invaliproducts_test_page.searchInvalidProduct()[pri:2, instance:Login_test.Valid_invaliproducts_test_page@3e6f3f28]" name="searchInvalidProduct" class="Login_test.Valid_invaliproducts_test_page"/>
      </group> <!-- productsearch -->
    </groups>
    <test started-at="2025-02-19T14:47:11 IST" name="Test" finished-at="2025-02-19T14:47:26 IST" duration-ms="15012">
      <class name="Login_test.Valid_invaliproducts_test_page">
        <test-method is-config="true" signature="setUp()[pri:0, instance:Login_test.Valid_invaliproducts_test_page@3e6f3f28]" started-at="2025-02-19T14:47:11 IST" name="setUp" finished-at="2025-02-19T14:47:14 IST" duration-ms="3026" status="PASS">
          <reporter-output>
          </reporter-output>
        </test-method> <!-- setUp -->
        <test-method signature="searchValidProduct()[pri:1, instance:Login_test.Valid_invaliproducts_test_page@3e6f3f28]" started-at="2025-02-19T14:47:14 IST" name="searchValidProduct" finished-at="2025-02-19T14:47:22 IST" duration-ms="7652" status="PASS">
          <reporter-output>
          </reporter-output>
        </test-method> <!-- searchValidProduct -->
        <test-method is-config="true" signature="screenshot(org.testng.ITestResult)[pri:0, instance:Login_test.Valid_invaliproducts_test_page@3e6f3f28]" started-at="2025-02-19T14:47:22 IST" name="screenshot" finished-at="2025-02-19T14:47:22 IST" duration-ms="12" status="PASS">
          <params>
            <param index="0">
              <value>
                <![CDATA[[TestResult name=searchValidProduct status=SUCCESS method=Valid_invaliproducts_test_page.searchValidProduct()[pri:1, instance:Login_test.Valid_invaliproducts_test_page@3e6f3f28] output={null}]]]>
              </value>
            </param>
          </params>
          <reporter-output>
          </reporter-output>
        </test-method> <!-- screenshot -->
        <test-method signature="searchInvalidProduct()[pri:2, instance:Login_test.Valid_invaliproducts_test_page@3e6f3f28]" started-at="2025-02-19T14:47:22 IST" name="searchInvalidProduct" finished-at="2025-02-19T14:47:26 IST" duration-ms="3690" status="PASS">
          <reporter-output>
          </reporter-output>
        </test-method> <!-- searchInvalidProduct -->
        <test-method is-config="true" signature="screenshot(org.testng.ITestResult)[pri:0, instance:Login_test.Valid_invaliproducts_test_page@3e6f3f28]" started-at="2025-02-19T14:47:26 IST" name="screenshot" finished-at="2025-02-19T14:47:26 IST" duration-ms="3" status="PASS">
          <params>
            <param index="0">
              <value>
                <![CDATA[[TestResult name=searchInvalidProduct status=SUCCESS method=Valid_invaliproducts_test_page.searchInvalidProduct()[pri:2, instance:Login_test.Valid_invaliproducts_test_page@3e6f3f28] output={null}]]]>
              </value>
            </param>
          </params>
          <reporter-output>
          </reporter-output>
        </test-method> <!-- screenshot -->
        <test-method is-config="true" signature="shutDown()[pri:0, instance:Login_test.Valid_invaliproducts_test_page@3e6f3f28]" started-at="2025-02-19T14:47:26 IST" name="shutDown" finished-at="2025-02-19T14:47:26 IST" duration-ms="558" status="PASS">
          <reporter-output>
          </reporter-output>
        </test-method> <!-- shutDown -->
      </class> <!-- Login_test.Valid_invaliproducts_test_page -->
    </test> <!-- Test -->
  </suite> <!-- Suite -->
</testng-results>
