<?xml version="1.0" encoding="UTF-8"?>
<!-- Generated by org.testng.reporters.JUnitXMLReporter -->
<testsuite ignored="1" hostname="asplap1846" failures="1" tests="1" name="functionality" time="0.134" errors="0" timestamp="2025-02-15T17:37:05 IST">
  <testcase classname="accountfunctionality.signin_visibility" name="testSignInButtonVisibility" time="0.077">
    <failure type="java.lang.AssertionError" message="Test failed due to exception: Cannot invoke &amp;quot;org.openqa.selenium.WebDriver.findElement(org.openqa.selenium.By)&amp;quot; because &amp;quot;driver&amp;quot; is null">
      <![CDATA[java.lang.AssertionError: Test failed due to exception: Cannot invoke "org.openqa.selenium.WebDriver.findElement(org.openqa.selenium.By)" because "driver" is null
at accountfunctionality.signin_visibility.testSignInButtonVisibility(signin_visibility.java:53)
at java.base/java.util.ArrayList.forEach(ArrayList.java:1597)
... Removed 26 stack frames]]>
    </failure>
  </testcase> <!-- testSignInButtonVisibility -->
  <testcase classname="accountfunctionality.signin_visibility" name="testSignInButtonClickable" time="0.0">
    <ignored/>
  </testcase> <!-- testSignInButtonClickable -->
</testsuite> <!-- functionality -->
