<?xml version="1.0" encoding="UTF-8"?>
<!-- Generated by org.testng.reporters.JUnitXMLReporter -->
<testsuite ignored="0" hostname="asplap1846" failures="0" tests="2" name="Default test" time="17.756" errors="0" timestamp="2025-02-17T22:51:12 IST">
  <testcase classname="snapdeal_catagories.products_catagories" name="testProduct_catagories_Visibility" time="0.198"/>
  <testcase classname="snapdeal_catagories.products_catagories" name="testCatagory_MensFashion_access" time="3.779"/>
</testsuite> <!-- Default test -->
