<?xml version="1.0" encoding="UTF-8"?>
<!-- Generated by org.testng.reporters.JUnitReportReporter -->
<testsuite hostname="asplap1846" failures="0" tests="2" name="Snapdeal_Footerbanner.Footer_policyinfo" time="2.405" errors="0" timestamp="2025-02-23T22:49:59 IST" skipped="0">
  <testcase classname="Snapdeal_Footerbanner.Footer_policyinfo" name="footer_policyinfo" time="0.803"/>
  <system-out>
    <![CDATA[Test Started: footer_policyinfo at  Date and Time : 2025-02-23 22:47:36 Duration: 0s
Find the 'Policy info', in Footer
Verify the  Footer in 'Policy info' is visible.
<a href= "C:\Users\venkatesh.baskaran\eclipse-workspace\snapdeal_app\Screenshots\testfooter_policyinfo.png">click</a>
Test Passed: footer_policyinfo at  Date and Time : 2025-02-23 22:47:36 Duration: 0s]]>
  </system-out>
  <testcase classname="Snapdeal_Footerbanner.Footer_policyinfo" name="Footer_policyList" time="1.602"/>
  <system-out>
    <![CDATA[Test Started: Footer_policyList at  Date and Time : 2025-02-23 22:47:37 Duration: 0s
Find the 'Policy info', in Footer
Verify the  Footer in 'Policy info' is visible.
Verify the  Footer in 'Terms of Sale' is visible.
Verify the  Footer in 'Terms of use' is visible.
Verify the  Footer in 'Takedown Policy' is visible.
Verify the  Footer in 'BIS Standard Policy' is visible.
Verify the  Footer in 'Products Under Cumpulsory BIS Certification' is visible.
Verify the  Footer in 'FAQ' is visible.
Verify the  Footer policy Info List
<a href= "C:\Users\venkatesh.baskaran\eclipse-workspace\snapdeal_app\Screenshots\testFooter_policyList.png">FooterPolicy_click</a>
Test Passed: Footer_policyList at  Date and Time : 2025-02-23 22:47:38 Duration: 1s]]>
  </system-out>
</testsuite> <!-- Snapdeal_Footerbanner.Footer_policyinfo -->
