<?xml version="1.0" encoding="UTF-8"?>
<!-- Generated by org.testng.reporters.JUnitReportReporter -->
<testsuite hostname="asplap1846" failures="0" tests="1" name="products_visible.products_visibility" time="2.710" errors="0" timestamp="2025-02-23T22:49:59 IST" skipped="0">
  <testcase classname="products_visible.products_visibility" name="SearchAndProductVisibility" time="2.710"/>
  <system-out>
    <![CDATA[Test Started: SearchAndProductVisibility at  Date and Time : 2025-02-23 22:49:12 Duration: 0s
click on the search Box 
Enter the Keywords to find the products 
Verify the Products Serach & Products Visibility
<a href= "C:\Users\venkatesh.baskaran\eclipse-workspace\snapdeal_app\Screenshots\testSearchAndProductVisibility.png">Products_visibilityclick</a>
Test Passed: SearchAndProductVisibility at  Date and Time : 2025-02-23 22:49:14 Duration: 2s]]>
  </system-out>
</testsuite> <!-- products_visible.products_visibility -->
