<?xml version="1.0" encoding="UTF-8"?>
<!-- Generated by org.testng.reporters.JUnitReportReporter -->
<testsuite hostname="asplap1846" failures="0" tests="2" name="snapdeal_Product_search.Valid_Product_Search" time="9.532" errors="0" timestamp="2025-02-15T16:39:55 IST" skipped="0">
  <testcase classname="snapdeal_Product_search.Valid_Product_Search" name="searchValidProduct" time="6.542"/>
  <system-out/>
  <testcase classname="snapdeal_Product_search.Valid_Product_Search" name="searchInvalidProduct" time="2.990"/>
  <system-out/>
</testsuite> <!-- snapdeal_Product_search.Valid_Product_Search -->
