<?xml version="1.0" encoding="UTF-8"?>
<!-- Generated by org.testng.reporters.JUnitReportReporter -->
<testsuite hostname="asplap1846" failures="0" tests="1" name="Snapdeal_login.Snapdeal_login" time="3.301" errors="0" timestamp="2025-02-23T22:49:59 IST" skipped="0">
  <testcase classname="Snapdeal_login.Snapdeal_login" name="Login" time="3.301"/>
  <system-out>
    <![CDATA[Test Started: Login at  Date and Time : 2025-02-23 22:48:54 Duration: 0s
Hover over the 'Sign In' button 
Click  the 'Login' button 
Click  the 'usernameField' enter the values 
Click  the 'Continue' button 
Click  the 'otpField' enter the values 
Verify the  Login page is displayed.
<a href= "C:\Users\venkatesh.baskaran\eclipse-workspace\snapdeal_app\Screenshots\test_Login.png">Login_Click</a>
Test Passed: Login at  Date and Time : 2025-02-23 22:48:57 Duration: 2s]]>
  </system-out>
</testsuite> <!-- Snapdeal_login.Snapdeal_login -->
