<?xml version="1.0" encoding="UTF-8"?>
<!-- Generated by org.testng.reporters.JUnitReportReporter -->
<testsuite hostname="asplap1846" failures="0" tests="2" name="accountfunctionality.login_button" time="6.387" errors="0" timestamp="2025-02-23T22:49:59 IST" skipped="0">
  <testcase classname="accountfunctionality.login_button" name="LoginButtonVisibility" time="0.772"/>
  <system-out>
    <![CDATA[Test Started: LoginButtonVisibility at  Date and Time : 2025-02-23 22:49:46 Duration: 0s
Verify the SignIn is  Hover
Verify the login Button is Visible
<a href='null'>Screenshot</a>
Test Passed: LoginButtonVisibility at  Date and Time : 2025-02-23 22:49:46 Duration: 0s]]>
  </system-out>
  <testcase classname="accountfunctionality.login_button" name="LoginButtonClickable" time="5.615"/>
  <system-out>
    <![CDATA[Test Started: LoginButtonClickable at  Date and Time : 2025-02-23 22:49:47 Duration: 0s
Verify the SignIn is Hover
Verify the login Button is Clickable
<a href= "C:\Users\venkatesh.baskaran\eclipse-workspace\snapdeal_app\Screenshots\testLoginButtonClickable.png">Login_button_Click</a>
Test Passed: LoginButtonClickable at  Date and Time : 2025-02-23 22:49:52 Duration: 5s]]>
  </system-out>
</testsuite> <!-- accountfunctionality.login_button -->
