<?xml version="1.0" encoding="UTF-8"?>
<!-- Generated by org.testng.reporters.JUnitReportReporter -->
<testsuite hostname="asplap1846" failures="0" tests="1" name="Snapdeal_login.Snapdeal_rigister" time="2.335" errors="0" timestamp="2025-02-23T22:49:59 IST" skipped="0">
  <testcase classname="Snapdeal_login.Snapdeal_rigister" name="RegisterWithEmptyEmailField" time="2.335"/>
  <system-out>
    <![CDATA[Test Started: RegisterWithEmptyEmailField at  Date and Time : 2025-02-23 22:49:56 Duration: 0s
Hover on the 'Sign In' button 
Click on the 'Register' button 
Click on the 'mobileNumberField' enter the Mobile Number 
Click on the 'Continue' button 
Click on the 'emailField' empty space 
Click on the 'nameField' enter the enter the Name 
Click on the 'passwordField' enter the enter the Password 
Click on the 'Continue' button 
Verify the Error message for empty email field is empty
<a href= "C:\Users\venkatesh.baskaran\eclipse-workspace\snapdeal_app\Screenshots\testRegisterWithEmptyEmailField.png">Register_Click</a>
Test Passed: RegisterWithEmptyEmailField at  Date and Time : 2025-02-23 22:49:58 Duration: 1s]]>
  </system-out>
</testsuite> <!-- Snapdeal_login.Snapdeal_rigister -->
