<?xml version="1.0" encoding="UTF-8"?>
<!-- Generated by org.testng.reporters.JUnitReportReporter -->
<testsuite hostname="asplap1846" failures="0" tests="2" name="Snapdeal_Product_search.product_search" time="9.447" errors="0" timestamp="2025-02-23T22:49:59 IST" skipped="0">
  <testcase classname="Snapdeal_Product_search.product_search" name="searchValidProduct" time="5.277"/>
  <system-out>
    <![CDATA[Test Started: searchValidProduct at  Date and Time : 2025-02-23 22:49:31 Duration: 0s
Clicked on search bar
Entered product name 'shoes' into search bar.
Clicked on search bar icon
Verify the  Valid product search results are displayed.
<a href= "C:\Users\venkatesh.baskaran\eclipse-workspace\snapdeal_app\Screenshots\searchValidProduct.png">click</a>
Test Passed: searchValidProduct at  Date and Time : 2025-02-23 22:49:36 Duration: 5s]]>
  </system-out>
  <testcase classname="Snapdeal_Product_search.product_search" name="searchInvalidProduct" time="4.170"/>
  <system-out>
    <![CDATA[Test Started: searchInvalidProduct at  Date and Time : 2025-02-23 22:49:37 Duration: 0s
Entered product name 'xhgr' into search bar.
Clicked on search icon
Verify the  Valid product search results are displayed.
<a href= "C:\Users\venkatesh.baskaran\eclipse-workspace\snapdeal_app\Screenshots\searchInvalidProduct.png">ProductSearch_Click</a>
Test Passed: searchInvalidProduct at  Date and Time : 2025-02-23 22:49:41 Duration: 3s]]>
  </system-out>
</testsuite> <!-- Snapdeal_Product_search.product_search -->
