<?xml version="1.0" encoding="UTF-8"?>
<!-- Generated by org.testng.reporters.JUnitReportReporter -->
<testsuite hostname="asplap1846" failures="0" tests="2" name="snapdeal_catagories.products_catagories" time="3.133" errors="0" timestamp="2025-02-23T22:49:59 IST" skipped="0">
  <testcase classname="snapdeal_catagories.products_catagories" name="Product_catagories_Visibility" time="0.331"/>
  <system-out>
    <![CDATA[Test Started: Product_catagories_Visibility at  Date and Time : 2025-02-23 22:49:04 Duration: 0s
Find the cartegories Banner
Verify the  'Catagories Banner' is visible
<a href= "C:\Users\venkatesh.baskaran\eclipse-workspace\snapdeal_app\Screenshots\testProduct_catagories_Visibility.png">click</a>
Test Passed: Product_catagories_Visibility at  Date and Time : 2025-02-23 22:49:04 Duration: 0s]]>
  </system-out>
  <testcase classname="snapdeal_catagories.products_catagories" name="Catagory_Bags_Luggage" time="2.802"/>
  <system-out>
    <![CDATA[Test Started: Catagory_Bags_Luggage at  Date and Time : 2025-02-23 22:49:04 Duration: 0s
Find the cartegories Banner
categories Banner in Find the Bags & Luggage
Click the 'Bags & Luggage'
Verify the  'Backpacks' catagory is clickable.
<a href= "C:\Users\venkatesh.baskaran\eclipse-workspace\snapdeal_app\Screenshots\testCatagory_MensFashion_access.png">Categories_Click</a>
Test Passed: Catagory_Bags_Luggage at  Date and Time : 2025-02-23 22:49:07 Duration: 2s]]>
  </system-out>
</testsuite> <!-- snapdeal_catagories.products_catagories -->
