<?xml version="1.0" encoding="UTF-8"?>
<!-- Generated by org.testng.reporters.JUnitReportReporter -->
<testsuite hostname="asplap1846" failures="0" tests="2" name="products_details.products_detail_page" time="15.474" errors="0" timestamp="2025-02-23T22:49:59 IST" skipped="0">
  <testcase classname="products_details.products_detail_page" name="testProduct_details" time="10.622"/>
  <system-out>
    <![CDATA[Test Started: testProduct_details at  Date and Time : 2025-02-23 22:47:42 Duration: 0s
Click the SearchBar 
Enter the Keywords in the SearchBar 
Click the Search Icon 
Verify the Products are Visible
<a href= "C:\Users\venkatesh.baskaran\eclipse-workspace\snapdeal_app\Screenshots\testProduct_details.png">click</a>
Test Passed: testProduct_details at  Date and Time : 2025-02-23 22:47:52 Duration: 10s]]>
  </system-out>
  <testcase classname="products_details.products_detail_page" name="ProductDetailPage" time="4.852"/>
  <system-out>
    <![CDATA[Test Started: ProductDetailPage at  Date and Time : 2025-02-23 22:47:52 Duration: 0s
Click the SearchBar 
Enter the Keywords in the SearchBar 
Click the Search Icon 
Verify the Products Detail Page
<a href= "C:\Users\venkatesh.baskaran\eclipse-workspace\snapdeal_app\Screenshots\testProductDetailPage.png">ProductDetail_click</a>
Test Passed: ProductDetailPage at  Date and Time : 2025-02-23 22:47:57 Duration: 4s]]>
  </system-out>
</testsuite> <!-- products_details.products_detail_page -->
