<?xml version="1.0" encoding="UTF-8"?>
<!-- Generated by org.testng.reporters.JUnitReportReporter -->
<testsuite hostname="asplap1846" failures="0" tests="1" name="Snapdeal_login.Snapdeal_logo" time="0.440" errors="0" timestamp="2025-02-23T22:49:59 IST" skipped="0">
  <testcase classname="Snapdeal_login.Snapdeal_logo" name="LogoVisibility" time="0.440"/>
  <system-out>
    <![CDATA[Test Started: LogoVisibility at  Date and Time : 2025-02-23 22:48:47 Duration: 0s
Verify the  Snapdeal_brand Logo's are displayed.
<a href= "C:\Users\venkatesh.baskaran\eclipse-workspace\snapdeal_app\Screenshots\testLogoVisibility.png">SnapdealLogo_Click</a>
Test Passed: LogoVisibility at  Date and Time : 2025-02-23 22:48:47 Duration: 0s]]>
  </system-out>
</testsuite> <!-- Snapdeal_login.Snapdeal_logo -->
