<?xml version="1.0" encoding="UTF-8"?>
<!-- Generated by org.testng.reporters.JUnitReportReporter -->
<testsuite hostname="asplap1846" failures="0" tests="2" name="accountfunctionality.signin_visibility" time="1.141" errors="0" timestamp="2025-02-23T22:49:59 IST" skipped="0">
  <testcase classname="accountfunctionality.signin_visibility" name="SignInButtonVisibility" time="0.498"/>
  <system-out>
    <![CDATA[Test Started: SignInButtonVisibility at  Date and Time : 2025-02-23 22:49:28 Duration: 0s
Verify the SignIn  is Hover
Verify the Register  is Visible
<a href= "C:\Users\venkatesh.baskaran\eclipse-workspace\snapdeal_app\Screenshots\SignInButtonVisibility.png">SignIn_Visible_Click</a>
Test Passed: SignInButtonVisibility at  Date and Time : 2025-02-23 22:49:28 Duration: 0s]]>
  </system-out>
  <testcase classname="accountfunctionality.signin_visibility" name="SignInButtonClickable" time="0.643"/>
  <system-out>
    <![CDATA[Test Started: SignInButtonClickable at  Date and Time : 2025-02-23 22:49:29 Duration: 0s
Verify the SignIn  is Hover
Verify the Register  is Clickable
<a href= "C:\Users\venkatesh.baskaran\eclipse-workspace\snapdeal_app\Screenshots\SignInButtonClickable.png">SignIn_Click</a>
Test Passed: SignInButtonClickable at  Date and Time : 2025-02-23 22:49:29 Duration: 0s]]>
  </system-out>
</testsuite> <!-- accountfunctionality.signin_visibility -->
