<?xml version="1.0" encoding="UTF-8"?>
<!-- Generated by org.testng.reporters.JUnitReportReporter -->
<testsuite hostname="asplap1846" failures="0" tests="2" name="searchbar_visibility.searchbar_visibility" time="2.757" errors="0" timestamp="2025-02-23T22:49:59 IST" skipped="0">
  <testcase classname="searchbar_visibility.searchbar_visibility" name="testSearchbarVisibility" time="0.341"/>
  <system-out>
    <![CDATA[Test Started: testSearchbarVisibility at  Date and Time : 2025-02-23 22:49:22 Duration: 0s
Verify the  Search Bar Visibility
<a href= "C:\Users\venkatesh.baskaran\eclipse-workspace\snapdeal_app\Screenshots\testSearchbarVisibility.png">click</a>
Test Passed: testSearchbarVisibility at  Date and Time : 2025-02-23 22:49:22 Duration: 0s]]>
  </system-out>
  <testcase classname="searchbar_visibility.searchbar_visibility" name="SearchbarClickable" time="2.416"/>
  <system-out>
    <![CDATA[Test Started: SearchbarClickable at  Date and Time : 2025-02-23 22:49:22 Duration: 0s
Click the searchbar
Click the searchbar and the Enter the Values (eg..fastracks)
Verify the  SearchBar is Clickable
<a href= "C:\Users\venkatesh.baskaran\eclipse-workspace\snapdeal_app\Screenshots\testSearchbarClickable.png">SearchBar_Click</a>
Test Passed: SearchbarClickable at  Date and Time : 2025-02-23 22:49:24 Duration: 2s]]>
  </system-out>
</testsuite> <!-- searchbar_visibility.searchbar_visibility -->
