<?xml version="1.0" encoding="UTF-8"?>
<!-- Generated by org.testng.reporters.JUnitXMLReporter -->
<testsuite ignored="0" hostname="asplap1846" failures="1" tests="1" name="SnapdealCart_Test" time="0.057" errors="0" timestamp="2025-02-16T19:04:23 IST">
  <testcase classname="Snapdeal_cart.SnapdealCart_page" name="testcart_Item" time="0.023">
    <failure type="java.lang.NullPointerException" message="Cannot invoke &amp;quot;org.openqa.selenium.WebDriver.findElement(org.openqa.selenium.By)&amp;quot; because &amp;quot;this.driver&amp;quot; is null">
      <![CDATA[java.lang.NullPointerException: Cannot invoke "org.openqa.selenium.WebDriver.findElement(org.openqa.selenium.By)" because "this.driver" is null
at Snapdeal_cart.SnapdealCart_page.testcart_Item(SnapdealCart_page.java:45)
at java.base/java.util.ArrayList.forEach(ArrayList.java:1597)
... Removed 25 stack frames]]>
    </failure>
  </testcase> <!-- testcart_Item -->
</testsuite> <!-- SnapdealCart_Test -->
