<?xml version="1.0" encoding="UTF-8"?>
<testng-results ignored="0" total="2" passed="2" failed="0" skipped="0">
  <reporter-output>
  </reporter-output>
  <suite started-at="2025-02-17T22:50:54 IST" name="Default suite" finished-at="2025-02-17T22:51:12 IST" duration-ms="17756">
    <groups>
      <group name="MensFashion_access">
        <method signature="products_catagories.testCatagory_MensFashion_access()[pri:2, instance:snapdeal_catagories.products_catagories@536dbea0]" name="testCatagory_MensFashion_access" class="snapdeal_catagories.products_catagories"/>
      </group> <!-- MensFashion_access -->
      <group name="catagories_visible">
        <method signature="products_catagories.testProduct_catagories_Visibility()[pri:1, instance:snapdeal_catagories.products_catagories@536dbea0]" name="testProduct_catagories_Visibility" class="snapdeal_catagories.products_catagories"/>
      </group> <!-- catagories_visible -->
    </groups>
    <test started-at="2025-02-17T22:50:54 IST" name="Default test" finished-at="2025-02-17T22:51:12 IST" duration-ms="17756">
      <class name="snapdeal_catagories.products_catagories">
        <test-method is-config="true" signature="setUp()[pri:0, instance:snapdeal_catagories.products_catagories@536dbea0]" started-at="2025-02-17T22:50:54 IST" name="setUp" finished-at="2025-02-17T22:51:02 IST" duration-ms="7341" status="PASS">
          <reporter-output>
          </reporter-output>
        </test-method> <!-- setUp -->
        <test-method signature="testProduct_catagories_Visibility()[pri:1, instance:snapdeal_catagories.products_catagories@536dbea0]" started-at="2025-02-17T22:51:02 IST" name="testProduct_catagories_Visibility" finished-at="2025-02-17T22:51:02 IST" duration-ms="198" status="PASS">
          <reporter-output>
          </reporter-output>
        </test-method> <!-- testProduct_catagories_Visibility -->
        <test-method is-config="true" signature="screenshot(org.testng.ITestResult)[pri:0, instance:snapdeal_catagories.products_catagories@536dbea0]" started-at="2025-02-17T22:51:02 IST" name="screenshot" finished-at="2025-02-17T22:51:02 IST" duration-ms="389" status="PASS">
          <params>
            <param index="0">
              <value>
                <![CDATA[[TestResult name=testProduct_catagories_Visibility status=SUCCESS method=products_catagories.testProduct_catagories_Visibility()[pri:1, instance:snapdeal_catagories.products_catagories@536dbea0] output={null}]]]>
              </value>
            </param>
          </params>
          <reporter-output>
          </reporter-output>
        </test-method> <!-- screenshot -->
        <test-method is-config="true" signature="setUp()[pri:0, instance:snapdeal_catagories.products_catagories@536dbea0]" started-at="2025-02-17T22:51:02 IST" name="setUp" finished-at="2025-02-17T22:51:07 IST" duration-ms="5120" status="PASS">
          <reporter-output>
          </reporter-output>
        </test-method> <!-- setUp -->
        <test-method signature="testCatagory_MensFashion_access()[pri:2, instance:snapdeal_catagories.products_catagories@536dbea0]" started-at="2025-02-17T22:51:07 IST" name="testCatagory_MensFashion_access" finished-at="2025-02-17T22:51:11 IST" duration-ms="3779" status="PASS">
          <reporter-output>
          </reporter-output>
        </test-method> <!-- testCatagory_MensFashion_access -->
        <test-method is-config="true" signature="screenshot(org.testng.ITestResult)[pri:0, instance:snapdeal_catagories.products_catagories@536dbea0]" started-at="2025-02-17T22:51:11 IST" name="screenshot" finished-at="2025-02-17T22:51:11 IST" duration-ms="326" status="PASS">
          <params>
            <param index="0">
              <value>
                <![CDATA[[TestResult name=testCatagory_MensFashion_access status=SUCCESS method=products_catagories.testCatagory_MensFashion_access()[pri:2, instance:snapdeal_catagories.products_catagories@536dbea0] output={null}]]]>
              </value>
            </param>
          </params>
          <reporter-output>
          </reporter-output>
        </test-method> <!-- screenshot -->
        <test-method is-config="true" signature="tearDown()[pri:0, instance:snapdeal_catagories.products_catagories@536dbea0]" started-at="2025-02-17T22:51:11 IST" name="tearDown" finished-at="2025-02-17T22:51:12 IST" duration-ms="568" status="PASS">
          <reporter-output>
          </reporter-output>
        </test-method> <!-- tearDown -->
      </class> <!-- snapdeal_catagories.products_catagories -->
    </test> <!-- Default test -->
  </suite> <!-- Default suite -->
</testng-results>
