<?xml version="1.0" encoding="UTF-8"?>
<!-- Generated by org.testng.reporters.JUnitXMLReporter -->
<testsuite ignored="37" hostname="asplap1846" failures="0" tests="1" name="Test" time="6.767" errors="0" timestamp="2025-02-17T22:47:49 IST">
  <testcase classname="Snapdeal_login.Snapdeal_logo" name="testLogoVisibility" time="0.095"/>
  <testcase classname="snapdeal_app.emptyOtpfield" name="testLoginWithEmptyUsername" time="0.0">
    <ignored/>
  </testcase> <!-- testLoginWithEmptyUsername -->
  <testcase classname="products_visible.products_visibility" name="testSearchAndProductVisibility" time="0.0">
    <ignored/>
  </testcase> <!-- testSearchAndProductVisibility -->
  <testcase classname="accountfunctionality.login_button" name="testLoginButtonClickable" time="0.0">
    <ignored/>
  </testcase> <!-- testLoginButtonClickable -->
  <testcase classname="searchbar_visibility.searchbar_visibility" name="testSearchbarClickable" time="0.0">
    <ignored/>
  </testcase> <!-- testSearchbarClickable -->
  <testcase classname="snapdeal_app.Register_" name="testRegisterWithValidMobileNumber" time="0.0">
    <ignored/>
  </testcase> <!-- testRegisterWithValidMobileNumber -->
  <testcase classname="Snapdeal_cart.SnapdealCart_page" name="testcart_Item" time="0.0">
    <ignored/>
  </testcase> <!-- testcart_Item -->
  <testcase classname="snapdeal_app.SnapdealLoginTest" name="testLoginAndSearch" time="0.0">
    <ignored/>
  </testcase> <!-- testLoginAndSearch -->
  <testcase classname="snapdeal_Product_search.Valid_Product_Search" name="searchInvalidProduct" time="0.0">
    <ignored/>
  </testcase> <!-- searchInvalidProduct -->
  <testcase classname="Snapdeal_cart.SnapdealCart_Product_remove" name="test_removeCart" time="0.0">
    <ignored/>
  </testcase> <!-- test_removeCart -->
  <testcase classname="Snapdeal_Product_search.product_search" name="searchInvalidProduct" time="0.0">
    <ignored/>
  </testcase> <!-- searchInvalidProduct -->
  <testcase classname="snapdeal_register_inputs.invalidpassword" name="testRegisterWithInvalid_password" time="0.0">
    <ignored/>
  </testcase> <!-- testRegisterWithInvalid_password -->
  <testcase classname="snapdeal_app.productpage_specialcharacters" name="testSpecialCharacterSearch" time="0.0">
    <ignored/>
  </testcase> <!-- testSpecialCharacterSearch -->
  <testcase classname="Snapdeal_login.Snapdeal_login" name="test_Login" time="0.0">
    <ignored/>
  </testcase> <!-- test_Login -->
  <testcase classname="snapdeal_catagories.products_catagories" name="testProduct_catagories_Visibility" time="0.0">
    <ignored/>
  </testcase> <!-- testProduct_catagories_Visibility -->
  <testcase classname="searchbar_visibility.searchbar_visibility" name="testSearchbarVisibility" time="0.0">
    <ignored/>
  </testcase> <!-- testSearchbarVisibility -->
  <testcase classname="snapdeal_register_inputs.empty_name" name="testRegister_NameEmpty" time="0.0">
    <ignored/>
  </testcase> <!-- testRegister_NameEmpty -->
  <testcase classname="snapdeal_cart.productremove_cart" name="testLogin" time="0.0">
    <ignored/>
  </testcase> <!-- testLogin -->
  <testcase classname="snapdeal_cart.cartbutton_item" name="testLogin" time="0.0">
    <ignored/>
  </testcase> <!-- testLogin -->
  <testcase classname="accountfunctionality.signin_visibility" name="testSignInButtonClickable" time="0.0">
    <ignored/>
  </testcase> <!-- testSignInButtonClickable -->
  <testcase classname="accountfunctionality.signin_visibility" name="testSignInButtonVisibility" time="0.0">
    <ignored/>
  </testcase> <!-- testSignInButtonVisibility -->
  <testcase classname="snapdeal_cart.product_pincode_check" name="testLogin" time="0.0">
    <ignored/>
  </testcase> <!-- testLogin -->
  <testcase classname="Snapdeal_Product_search.product_search" name="searchValidProduct" time="0.0">
    <ignored/>
  </testcase> <!-- searchValidProduct -->
  <testcase classname="my_orders.confirm_order" name="LoginAndSearch" time="0.0">
    <ignored/>
  </testcase> <!-- LoginAndSearch -->
  <testcase classname="snapdeal_catagories.products_catagories" name="testCatagory_MensFashion_access" time="0.0">
    <ignored/>
  </testcase> <!-- testCatagory_MensFashion_access -->
  <testcase classname="snapdeal_app.empty_field" name="testLoginWithEmptyUsername" time="0.0">
    <ignored/>
  </testcase> <!-- testLoginWithEmptyUsername -->
  <testcase classname="snapdeal_register_inputs.emptydob_field" name="testRegisterWithEmpty_DOBField" time="0.0">
    <ignored/>
  </testcase> <!-- testRegisterWithEmpty_DOBField -->
  <testcase classname="snapdeal_cart.cartcancel_icon" name="testCart_cancelIcon" time="0.0">
    <ignored/>
  </testcase> <!-- testCart_cancelIcon -->
  <testcase classname="snapdeal_cart.cart_button" name="testCartFunctionality" time="0.0">
    <ignored/>
  </testcase> <!-- testCartFunctionality -->
  <testcase classname="snapdeal_register_inputs.empty_email" name="testRegisterWithEmpty_emailfield" time="0.0">
    <ignored/>
  </testcase> <!-- testRegisterWithEmpty_emailfield -->
  <testcase classname="products_details.products_detail_page" name="testProduct_details" time="0.0">
    <ignored/>
  </testcase> <!-- testProduct_details -->
  <testcase classname="snapdeal_app.productpage" name="searchanvalidProduct" time="0.0">
    <ignored/>
  </testcase> <!-- searchanvalidProduct -->
  <testcase classname="products_details.products_detail_page" name="testProductDetailPage" time="0.0">
    <ignored/>
  </testcase> <!-- testProductDetailPage -->
  <testcase classname="Snapdeal_login.Snapdeal_rigister" name="testRegisterWithEmptyEmailField" time="0.0">
    <ignored/>
  </testcase> <!-- testRegisterWithEmptyEmailField -->
  <testcase classname="accountfunctionality.login_button" name="testLoginButtonVisibility" time="0.0">
    <ignored/>
  </testcase> <!-- testLoginButtonVisibility -->
  <testcase classname="snapdeal_app.productdetailsPage" name="searchFastrackWatch" time="0.0">
    <ignored/>
  </testcase> <!-- searchFastrackWatch -->
  <testcase classname="snapdeal_register_inputs.empty_password" name="testRegisterWithEmpty_PasswordField" time="0.0">
    <ignored/>
  </testcase> <!-- testRegisterWithEmpty_PasswordField -->
  <testcase classname="snapdeal_Product_search.Valid_Product_Search" name="searchValidProduct" time="0.0">
    <ignored/>
  </testcase> <!-- searchValidProduct -->
</testsuite> <!-- Test -->
