<?xml version="1.0" encoding="UTF-8"?>
<!-- Generated by org.testng.reporters.JUnitXMLReporter -->
<testsuite ignored="16" hostname="asplap1846" failures="0" tests="4" name="Test" time="14.545" errors="0" timestamp="2025-02-20T23:39:29 IST">
  <testcase classname="Snapdeal_Footerbanner.Footer_policyinfo" name="testfooter_policyinfo" time="0.487"/>
  <testcase classname="Snapdeal_Footerbanner.Footer_policyinfo" name="testFooter_policyList" time="1.248"/>
  <testcase classname="snapdeal_catagories.products_catagories" name="testProduct_catagories_Visibility" time="0.075"/>
  <testcase classname="snapdeal_catagories.products_catagories" name="testCatagory_MensFashion_access" time="2.573"/>
  <testcase classname="searchbar_visibility.searchbar_visibility" name="testSearchbarVisibility" time="0.0">
    <ignored/>
  </testcase> <!-- testSearchbarVisibility -->
  <testcase classname="products_visible.products_visibility" name="testSearchAndProductVisibility" time="0.0">
    <ignored/>
  </testcase> <!-- testSearchAndProductVisibility -->
  <testcase classname="accountfunctionality.signin_visibility" name="SignInButtonVisibility" time="0.0">
    <ignored/>
  </testcase> <!-- SignInButtonVisibility -->
  <testcase classname="Snapdeal_Product_search.product_search" name="searchValidProduct" time="0.0">
    <ignored/>
  </testcase> <!-- searchValidProduct -->
  <testcase classname="searchbar_visibility.searchbar_visibility" name="testSearchbarClickable" time="0.0">
    <ignored/>
  </testcase> <!-- testSearchbarClickable -->
  <testcase classname="accountfunctionality.login_button" name="LoginButtonVisibility" time="0.0">
    <ignored/>
  </testcase> <!-- LoginButtonVisibility -->
  <testcase classname="Snapdeal_cart.SnapdealCart_page" name="testcart_Item" time="0.0">
    <ignored/>
  </testcase> <!-- testcart_Item -->
  <testcase classname="Snapdeal_cart.SnapdealCart_Product_remove" name="test_removeCart" time="0.0">
    <ignored/>
  </testcase> <!-- test_removeCart -->
  <testcase classname="accountfunctionality.signin_visibility" name="SignInButtonClickable" time="0.0">
    <ignored/>
  </testcase> <!-- SignInButtonClickable -->
  <testcase classname="Snapdeal_Product_search.product_search" name="searchInvalidProduct" time="0.0">
    <ignored/>
  </testcase> <!-- searchInvalidProduct -->
  <testcase classname="products_details.products_detail_page" name="testProduct_details" time="0.0">
    <ignored/>
  </testcase> <!-- testProduct_details -->
  <testcase classname="products_details.products_detail_page" name="testProductDetailPage" time="0.0">
    <ignored/>
  </testcase> <!-- testProductDetailPage -->
  <testcase classname="Snapdeal_login.Snapdeal_logo" name="testLogoVisibility" time="0.0">
    <ignored/>
  </testcase> <!-- testLogoVisibility -->
  <testcase classname="Snapdeal_login.Snapdeal_rigister" name="testRegisterWithEmptyEmailField" time="0.0">
    <ignored/>
  </testcase> <!-- testRegisterWithEmptyEmailField -->
  <testcase classname="Snapdeal_login.Snapdeal_login" name="test_Login" time="0.0">
    <ignored/>
  </testcase> <!-- test_Login -->
  <testcase classname="accountfunctionality.login_button" name="LoginButtonClickable" time="0.0">
    <ignored/>
  </testcase> <!-- LoginButtonClickable -->
</testsuite> <!-- Test -->
